<?xml version="1.0" encoding="UTF-8"?>
<testng-results ignored="0" total="1" passed="1" failed="0" skipped="0">
  <reporter-output>
  </reporter-output>
  <suite started-at="2022-01-28T05:47:31Z" name="WebDriver-Test" finished-at="2022-01-28T05:47:37Z" duration-ms="5897">
    <groups>
    </groups>
    <test started-at="2022-01-28T05:47:31Z" name="WD-Test-1" finished-at="2022-01-28T05:47:37Z" duration-ms="5897">
      <class name="com.test.app.App">
        <test-method signature="launchChromeBrowser()[pri:0, instance:com.test.app.App@724b939e]" started-at="2022-01-27T21:47:31Z" name="launchChromeBrowser" finished-at="2022-01-27T21:47:37Z" duration-ms="5880" status="PASS">
          <reporter-output>
          </reporter-output>
        </test-method> <!-- launchChromeBrowser -->
      </class> <!-- com.test.app.App -->
    </test> <!-- WD-Test-1 -->
  </suite> <!-- WebDriver-Test -->
</testng-results>
